Sep 22, 2023 8:35:29 PM utils.Base openBrowser
INFO: Browser Launched
Sep 22, 2023 8:35:30 PM utils.Base openBrowser
INFO: Browser Loaded the URL
Sep 22, 2023 8:35:31 PM utils.Base ReadData
INFO: Data Picked from SheetName: Productslist, RowNumber: 2and ColumnName: MobilePhones: Oneplus 11r
Sep 22, 2023 8:35:31 PM utils.Base ReadData
WARNING: Oneplus 11r
Sep 22, 2023 8:35:31 PM utils.Base ClickOnElement
INFO: Clicked on 
Sep 22, 2023 8:35:32 PM utils.Base ClickOnElement
INFO: Clicked on 
Sep 22, 2023 8:35:35 PM pages.addTocart searchProduct1
INFO: Product Searched Successfully
Sep 22, 2023 8:35:36 PM utils.Base ClickOnElement
INFO: Clicked on OnePlus 11R 5G (Galactic Silver, 8GB RAM, 128GB Storage)
Sep 22, 2023 8:35:37 PM pages.addTocart addtocart_click
INFO: Product clicked
Sep 22, 2023 8:35:45 PM utils.Base ClickOnElement
INFO: Clicked on 
Sep 22, 2023 8:35:45 PM pages.addTocart addtocart_click
INFO: add to cart with product
Sep 22, 2023 8:35:47 PM utils.Base ClickOnElement
INFO: Clicked on Cart
Sep 22, 2023 8:35:48 PM pages.addTocart navigateCart
INFO: Cart clicked
Sep 22, 2023 8:35:49 PM runner.Testcase3 addtocart
INFO: Successfully Asserted for Product Cart Page
Sep 22, 2023 8:35:49 PM runner.Testcase3 afterMethod
INFO: Browser closed
